# JRE version: OpenJDK Runtime Environment (8.0_121-b13) (build 1.8.0_121-b13)
# Java VM: OpenJDK 64-Bit Server VM (25.121-b13 mixed mode linux-amd64 compressed oops)
Heap:
 PSYoungGen      total 214016K, used 13050K [0x00000000eab00000, 0x00000000f8e80000, 0x0000000100000000)
  eden space 197632K, 0% used [0x00000000eab00000,0x00000000eab00000,0x00000000f6c00000)
  from space 16384K, 79% used [0x00000000f6c00000,0x00000000f78bea40,0x00000000f7c00000)
  to   space 13824K, 0% used [0x00000000f7c00000,0x00000000f7c00000,0x00000000f8980000)
 ParOldGen       total 40448K, used 24276K [0x00000000c0000000, 0x00000000c2780000, 0x00000000eab00000)
  object space 40448K, 60% used [0x00000000c0000000,0x00000000c17b5008,0x00000000c2780000)
 Metaspace       used 42155K, capacity 42560K, committed 42752K, reserved 1085440K
  class space    used 5727K, capacity 5852K, committed 5888K, reserved 1048576K
GC Heap History (10 events):
Event: 7.720 GC heap after
Heap after GC invocations=16 (full 2):
 PSYoungGen      total 125440K, used 6926K [0x00000000eab00000, 0x00000000f3880000, 0x0000000100000000)
  eden space 116736K, 0% used [0x00000000eab00000,0x00000000eab00000,0x00000000f1d00000)
  from space 8704K, 79% used [0x00000000f2600000,0x00000000f2cc3a20,0x00000000f2e80000)
  to   space 9216K, 0% used [0x00000000f1d00000,0x00000000f1d00000,0x00000000f2600000)
 ParOldGen       total 40448K, used 12171K [0x00000000c0000000, 0x00000000c2780000, 0x00000000eab00000)
  object space 40448K, 30% used [0x00000000c0000000,0x00000000c0be2eb8,0x00000000c2780000)
 Metaspace       used 42076K, capacity 42496K, committed 42752K, reserved 1085440K
  class space    used 5726K, capacity 5852K, committed 5888K, reserved 1048576K
}
Event: 8.127 GC heap before
{Heap before GC invocations=17 (full 2):
 PSYoungGen      total 125440K, used 123662K [0x00000000eab00000, 0x00000000f3880000, 0x0000000100000000)
  eden space 116736K, 100% used [0x00000000eab00000,0x00000000f1d00000,0x00000000f1d00000)
  from space 8704K, 79% used [0x00000000f2600000,0x00000000f2cc3a20,0x00000000f2e80000)
  to   space 9216K, 0% used [0x00000000f1d00000,0x00000000f1d00000,0x00000000f2600000)
 ParOldGen       total 40448K, used 12171K [0x00000000c0000000, 0x00000000c2780000, 0x00000000eab00000)
  object space 40448K, 30% used [0x00000000c0000000,0x00000000c0be2eb8,0x00000000c2780000)
 Metaspace       used 42091K, capacity 42496K, committed 42752K, reserved 1085440K
  class space    used 5727K, capacity 5852K, committed 5888K, reserved 1048576K
Event: 8.149 GC heap after
Heap after GC invocations=17 (full 2):
 PSYoungGen      total 125952K, used 9197K [0x00000000eab00000, 0x00000000f5c00000, 0x0000000100000000)
  eden space 116736K, 0% used [0x00000000eab00000,0x00000000eab00000,0x00000000f1d00000)
  from space 9216K, 99% used [0x00000000f1d00000,0x00000000f25fb420,0x00000000f2600000)
  to   space 10752K, 0% used [0x00000000f5180000,0x00000000f5180000,0x00000000f5c00000)
 ParOldGen       total 40448K, used 13106K [0x00000000c0000000, 0x00000000c2780000, 0x00000000eab00000)
  object space 40448K, 32% used [0x00000000c0000000,0x00000000c0ccc858,0x00000000c2780000)
 Metaspace       used 42091K, capacity 42496K, committed 42752K, reserved 1085440K
  class space    used 5727K, capacity 5852K, committed 5888K, reserved 1048576K
}
Event: 8.560 GC heap before
{Heap before GC invocations=18 (full 2):
 PSYoungGen      total 125952K, used 125933K [0x00000000eab00000, 0x00000000f5c00000, 0x0000000100000000)
  eden space 116736K, 100% used [0x00000000eab00000,0x00000000f1d00000,0x00000000f1d00000)
  from space 9216K, 99% used [0x00000000f1d00000,0x00000000f25fb420,0x00000000f2600000)
  to   space 10752K, 0% used [0x00000000f5180000,0x00000000f5180000,0x00000000f5c00000)
 ParOldGen       total 40448K, used 13106K [0x00000000c0000000, 0x00000000c2780000, 0x00000000eab00000)
  object space 40448K, 32% used [0x00000000c0000000,0x00000000c0ccc858,0x00000000c2780000)
 Metaspace       used 42108K, capacity 42496K, committed 42752K, reserved 1085440K
  class space    used 5727K, capacity 5852K, committed 5888K, reserved 1048576K
Event: 8.576 GC heap after
Heap after GC invocations=18 (full 2):
 PSYoungGen      total 168960K, used 10741K [0x00000000eab00000, 0x00000000f6000000, 0x0000000100000000)
  eden space 158208K, 0% used [0x00000000eab00000,0x00000000eab00000,0x00000000f4580000)
  from space 10752K, 99% used [0x00000000f5180000,0x00000000f5bfd420,0x00000000f5c00000)
  to   space 12288K, 0% used [0x00000000f4580000,0x00000000f4580000,0x00000000f5180000)
 ParOldGen       total 40448K, used 13554K [0x00000000c0000000, 0x00000000c2780000, 0x00000000eab00000)
  object space 40448K, 33% used [0x00000000c0000000,0x00000000c0d3c858,0x00000000c2780000)
 Metaspace       used 42108K, capacity 42496K, committed 42752K, reserved 1085440K
  class space    used 5727K, capacity 5852K, committed 5888K, reserved 1048576K
}
Event: 9.264 GC heap before
{Heap before GC invocations=19 (full 2):
 PSYoungGen      total 168960K, used 168949K [0x00000000eab00000, 0x00000000f6000000, 0x0000000100000000)
  eden space 158208K, 100% used [0x00000000eab00000,0x00000000f4580000,0x00000000f4580000)
  from space 10752K, 99% used [0x00000000f5180000,0x00000000f5bfd420,0x00000000f5c00000)
  to   space 12288K, 0% used [0x00000000f4580000,0x00000000f4580000,0x00000000f5180000)
 ParOldGen       total 40448K, used 13554K [0x00000000c0000000, 0x00000000c2780000, 0x00000000eab00000)
  object space 40448K, 33% used [0x00000000c0000000,0x00000000c0d3c858,0x00000000c2780000)
 Metaspace       used 42123K, capacity 42496K, committed 42752K, reserved 1085440K
  class space    used 5727K, capacity 5852K, committed 5888K, reserved 1048576K
Event: 9.302 GC heap after
Heap after GC invocations=19 (full 2):
 PSYoungGen      total 170496K, used 11616K [0x00000000eab00000, 0x00000000f8980000, 0x0000000100000000)
  eden space 158208K, 0% used [0x00000000eab00000,0x00000000eab00000,0x00000000f4580000)
  from space 12288K, 94% used [0x00000000f4580000,0x00000000f50d8000,0x00000000f5180000)
  to   space 13824K, 0% used [0x00000000f7c00000,0x00000000f7c00000,0x00000000f8980000)
 ParOldGen       total 40448K, used 19646K [0x00000000c0000000, 0x00000000c2780000, 0x00000000eab00000)
  object space 40448K, 48% used [0x00000000c0000000,0x00000000c132f878,0x00000000c2780000)
 Metaspace       used 42123K, capacity 42496K, committed 42752K, reserved 1085440K
  class space    used 5727K, capacity 5852K, committed 5888K, reserved 1048576K
}
Event: 9.829 GC heap before
{Heap before GC invocations=20 (full 2):
 PSYoungGen      total 170496K, used 168996K [0x00000000eab00000, 0x00000000f8980000, 0x0000000100000000)
  eden space 158208K, 99% used [0x00000000eab00000,0x00000000f44b1340,0x00000000f4580000)
  from space 12288K, 94% used [0x00000000f4580000,0x00000000f50d8000,0x00000000f5180000)
  to   space 13824K, 0% used [0x00000000f7c00000,0x00000000f7c00000,0x00000000f8980000)
 ParOldGen       total 40448K, used 19646K [0x00000000c0000000, 0x00000000c2780000, 0x00000000eab00000)
  object space 40448K, 48% used [0x00000000c0000000,0x00000000c132f878,0x00000000c2780000)
 Metaspace       used 42154K, capacity 42560K, committed 42752K, reserved 1085440K
  class space    used 5727K, capacity 5852K, committed 5888K, reserved 1048576K
Event: 9.850 GC heap after
Heap after GC invocations=20 (full 2):
 PSYoungGen      total 211456K, used 13794K [0x00000000eab00000, 0x00000000f8e80000, 0x0000000100000000)
  eden space 197632K, 0% used [0x00000000eab00000,0x00000000eab00000,0x00000000f6c00000)
  from space 13824K, 99% used [0x00000000f7c00000,0x00000000f8978a40,0x00000000f8980000)
  to   space 16384K, 0% used [0x00000000f6c00000,0x00000000f6c00000,0x00000000f7c00000)
 ParOldGen       total 40448K, used 20662K [0x00000000c0000000, 0x00000000c2780000, 0x00000000eab00000)
  object space 40448K, 51% used [0x00000000c0000000,0x00000000c142d878,0x00000000c2780000)
 Metaspace       used 42154K, capacity 42560K, committed 42752K, reserved 1085440K
  class space    used 5727K, capacity 5852K, committed 5888K, reserved 1048576K
}
Event: 10.560 GC heap before
{Heap before GC invocations=21 (full 2):
 PSYoungGen      total 211456K, used 211426K [0x00000000eab00000, 0x00000000f8e80000, 0x0000000100000000)
  eden space 197632K, 100% used [0x00000000eab00000,0x00000000f6c00000,0x00000000f6c00000)
  from space 13824K, 99% used [0x00000000f7c00000,0x00000000f8978a40,0x00000000f8980000)
  to   space 16384K, 0% used [0x00000000f6c00000,0x00000000f6c00000,0x00000000f7c00000)
 ParOldGen       total 40448K, used 20662K [0x00000000c0000000, 0x00000000c2780000, 0x00000000eab00000)
  object space 40448K, 51% used [0x00000000c0000000,0x00000000c142d878,0x00000000c2780000)
 Metaspace       used 42155K, capacity 42560K, committed 42752K, reserved 1085440K
  class space    used 5727K, capacity 5852K, committed 5888K, reserved 1048576K

