# JRE version: OpenJDK Runtime Environment (8.0_121-b13) (build 1.8.0_121-b13)
# Java VM: OpenJDK 64-Bit Server VM (25.121-b13 mixed mode linux-amd64 compressed oops)
Heap:
 PSYoungGen      total 174592K, used 22928K [0x00000000eab00000, 0x00000000f8080000, 0x0000000100000000)
  eden space 150016K, 0% used [0x00000000eab00000,0x00000000eab00000,0x00000000f3d80000)
  from space 24576K, 93% used [0x00000000f3d80000,0x00000000f53e40b8,0x00000000f5580000)
  to   space 18432K, 0% used [0x00000000f5580000,0x00000000f5580000,0x00000000f6780000)
 ParOldGen       total 77824K, used 67984K [0x00000000c0000000, 0x00000000c4c00000, 0x00000000eab00000)
  object space 77824K, 87% used [0x00000000c0000000,0x00000000c4264108,0x00000000c4c00000)
 Metaspace       used 44537K, capacity 45040K, committed 45184K, reserved 1087488K
  class space    used 6102K, capacity 6250K, committed 6272K, reserved 1048576K
GC Heap History (10 events):
Event: 2.424 GC heap after
Heap after GC invocations=6 (full 1):
 PSYoungGen      total 64000K, used 0K [0x00000000eab00000, 0x00000000f3100000, 0x0000000100000000)
  eden space 61440K, 0% used [0x00000000eab00000,0x00000000eab00000,0x00000000ee700000)
  from space 2560K, 0% used [0x00000000ee700000,0x00000000ee700000,0x00000000ee980000)
  to   space 7168K, 0% used [0x00000000f2a00000,0x00000000f2a00000,0x00000000f3100000)
 ParOldGen       total 34304K, used 7047K [0x00000000c0000000, 0x00000000c2180000, 0x00000000eab00000)
  object space 34304K, 20% used [0x00000000c0000000,0x00000000c06e1c68,0x00000000c2180000)
 Metaspace       used 20929K, capacity 21128K, committed 21296K, reserved 1067008K
  class space    used 2798K, capacity 2885K, committed 2944K, reserved 1048576K
}
Event: 3.058 GC heap before
{Heap before GC invocations=7 (full 1):
 PSYoungGen      total 64000K, used 61440K [0x00000000eab00000, 0x00000000f3100000, 0x0000000100000000)
  eden space 61440K, 100% used [0x00000000eab00000,0x00000000ee700000,0x00000000ee700000)
  from space 2560K, 0% used [0x00000000ee700000,0x00000000ee700000,0x00000000ee980000)
  to   space 7168K, 0% used [0x00000000f2a00000,0x00000000f2a00000,0x00000000f3100000)
 ParOldGen       total 34304K, used 7047K [0x00000000c0000000, 0x00000000c2180000, 0x00000000eab00000)
  object space 34304K, 20% used [0x00000000c0000000,0x00000000c06e1c68,0x00000000c2180000)
 Metaspace       used 27258K, capacity 27436K, committed 27904K, reserved 1073152K
  class space    used 3649K, capacity 3723K, committed 3840K, reserved 1048576K
Event: 3.066 GC heap after
Heap after GC invocations=7 (full 1):
 PSYoungGen      total 102912K, used 7138K [0x00000000eab00000, 0x00000000f3100000, 0x0000000100000000)
  eden space 95744K, 0% used [0x00000000eab00000,0x00000000eab00000,0x00000000f0880000)
  from space 7168K, 99% used [0x00000000f2a00000,0x00000000f30f88a0,0x00000000f3100000)
  to   space 8192K, 0% used [0x00000000f2100000,0x00000000f2100000,0x00000000f2900000)
 ParOldGen       total 34304K, used 7354K [0x00000000c0000000, 0x00000000c2180000, 0x00000000eab00000)
  object space 34304K, 21% used [0x00000000c0000000,0x00000000c072e970,0x00000000c2180000)
 Metaspace       used 27258K, capacity 27436K, committed 27904K, reserved 1073152K
  class space    used 3649K, capacity 3723K, committed 3840K, reserved 1048576K
}
Event: 3.811 GC heap before
{Heap before GC invocations=8 (full 1):
 PSYoungGen      total 102912K, used 102882K [0x00000000eab00000, 0x00000000f3100000, 0x0000000100000000)
  eden space 95744K, 100% used [0x00000000eab00000,0x00000000f0880000,0x00000000f0880000)
  from space 7168K, 99% used [0x00000000f2a00000,0x00000000f30f88a0,0x00000000f3100000)
  to   space 8192K, 0% used [0x00000000f2100000,0x00000000f2100000,0x00000000f2900000)
 ParOldGen       total 34304K, used 7354K [0x00000000c0000000, 0x00000000c2180000, 0x00000000eab00000)
  object space 34304K, 21% used [0x00000000c0000000,0x00000000c072e970,0x00000000c2180000)
 Metaspace       used 33782K, capacity 34022K, committed 34176K, reserved 1079296K
  class space    used 4537K, capacity 4626K, committed 4736K, reserved 1048576K
Event: 3.839 GC heap after
Heap after GC invocations=8 (full 1):
 PSYoungGen      total 129024K, used 8184K [0x00000000eab00000, 0x00000000f6780000, 0x0000000100000000)
  eden space 120832K, 0% used [0x00000000eab00000,0x00000000eab00000,0x00000000f2100000)
  from space 8192K, 99% used [0x00000000f2100000,0x00000000f28fe198,0x00000000f2900000)
  to   space 18432K, 0% used [0x00000000f5580000,0x00000000f5580000,0x00000000f6780000)
 ParOldGen       total 34304K, used 25008K [0x00000000c0000000, 0x00000000c2180000, 0x00000000eab00000)
  object space 34304K, 72% used [0x00000000c0000000,0x00000000c186c258,0x00000000c2180000)
 Metaspace       used 33782K, capacity 34022K, committed 34176K, reserved 1079296K
  class space    used 4537K, capacity 4626K, committed 4736K, reserved 1048576K
}
Event: 3.839 GC heap before
{Heap before GC invocations=9 (full 2):
 PSYoungGen      total 129024K, used 8184K [0x00000000eab00000, 0x00000000f6780000, 0x0000000100000000)
  eden space 120832K, 0% used [0x00000000eab00000,0x00000000eab00000,0x00000000f2100000)
  from space 8192K, 99% used [0x00000000f2100000,0x00000000f28fe198,0x00000000f2900000)
  to   space 18432K, 0% used [0x00000000f5580000,0x00000000f5580000,0x00000000f6780000)
 ParOldGen       total 34304K, used 25008K [0x00000000c0000000, 0x00000000c2180000, 0x00000000eab00000)
  object space 34304K, 72% used [0x00000000c0000000,0x00000000c186c258,0x00000000c2180000)
 Metaspace       used 33782K, capacity 34022K, committed 34176K, reserved 1079296K
  class space    used 4537K, capacity 4626K, committed 4736K, reserved 1048576K
Event: 3.913 GC heap after
Heap after GC invocations=9 (full 2):
 PSYoungGen      total 129024K, used 0K [0x00000000eab00000, 0x00000000f6780000, 0x0000000100000000)
  eden space 120832K, 0% used [0x00000000eab00000,0x00000000eab00000,0x00000000f2100000)
  from space 8192K, 0% used [0x00000000f2100000,0x00000000f2100000,0x00000000f2900000)
  to   space 18432K, 0% used [0x00000000f5580000,0x00000000f5580000,0x00000000f6780000)
 ParOldGen       total 77824K, used 29166K [0x00000000c0000000, 0x00000000c4c00000, 0x00000000eab00000)
  object space 77824K, 37% used [0x00000000c0000000,0x00000000c1c7bac0,0x00000000c4c00000)
 Metaspace       used 33782K, capacity 34022K, committed 34176K, reserved 1079296K
  class space    used 4537K, capacity 4626K, committed 4736K, reserved 1048576K
}
Event: 5.175 GC heap before
{Heap before GC invocations=10 (full 2):
 PSYoungGen      total 129024K, used 113488K [0x00000000eab00000, 0x00000000f6780000, 0x0000000100000000)
  eden space 120832K, 93% used [0x00000000eab00000,0x00000000f19d4210,0x00000000f2100000)
  from space 8192K, 0% used [0x00000000f2100000,0x00000000f2100000,0x00000000f2900000)
  to   space 18432K, 0% used [0x00000000f5580000,0x00000000f5580000,0x00000000f6780000)
 ParOldGen       total 77824K, used 29166K [0x00000000c0000000, 0x00000000c4c00000, 0x00000000eab00000)
  object space 77824K, 37% used [0x00000000c0000000,0x00000000c1c7bac0,0x00000000c4c00000)
 Metaspace       used 41053K, capacity 41416K, committed 41600K, reserved 1085440K
  class space    used 5575K, capacity 5678K, committed 5760K, reserved 1048576K
Event: 5.204 GC heap after
Heap after GC invocations=10 (full 2):
 PSYoungGen      total 168448K, used 18413K [0x00000000eab00000, 0x00000000f8080000, 0x0000000100000000)
  eden space 150016K, 0% used [0x00000000eab00000,0x00000000eab00000,0x00000000f3d80000)
  from space 18432K, 99% used [0x00000000f5580000,0x00000000f677b7f8,0x00000000f6780000)
  to   space 24576K, 0% used [0x00000000f3d80000,0x00000000f3d80000,0x00000000f5580000)
 ParOldGen       total 77824K, used 35208K [0x00000000c0000000, 0x00000000c4c00000, 0x00000000eab00000)
  object space 77824K, 45% used [0x00000000c0000000,0x00000000c22620e8,0x00000000c4c00000)
 Metaspace       used 41053K, capacity 41416K, committed 41600K, reserved 1085440K
  class space    used 5575K, capacity 5678K, committed 5760K, reserved 1048576K
}
Event: 27.083 GC heap before
{Heap before GC invocations=11 (full 2):
 PSYoungGen      total 168448K, used 168429K [0x00000000eab00000, 0x00000000f8080000, 0x0000000100000000)
  eden space 150016K, 100% used [0x00000000eab00000,0x00000000f3d80000,0x00000000f3d80000)
  from space 18432K, 99% used [0x00000000f5580000,0x00000000f677b7f8,0x00000000f6780000)
  to   space 24576K, 0% used [0x00000000f3d80000,0x00000000f3d80000,0x00000000f5580000)
 ParOldGen       total 77824K, used 35208K [0x00000000c0000000, 0x00000000c4c00000, 0x00000000eab00000)
  object space 77824K, 45% used [0x00000000c0000000,0x00000000c22620e8,0x00000000c4c00000)
 Metaspace       used 44537K, capacity 45040K, committed 45184K, reserved 1087488K
  class space    used 6102K, capacity 6250K, committed 6272K, reserved 1048576K

