# JRE version: OpenJDK Runtime Environment (8.0_121-b13) (build 1.8.0_121-b13)
# Java VM: OpenJDK 64-Bit Server VM (25.121-b13 mixed mode linux-amd64 compressed oops)
Heap:
 PSYoungGen      total 168448K, used 19620K [0x00000000eab00000, 0x00000000f8780000, 0x0000000100000000)
  eden space 143872K, 0% used [0x00000000eab00000,0x00000000eab00000,0x00000000f3780000)
  from space 24576K, 79% used [0x00000000f3780000,0x00000000f4aa9220,0x00000000f4f80000)
  to   space 27136K, 0% used [0x00000000f6d00000,0x00000000f6d00000,0x00000000f8780000)
 ParOldGen       total 94208K, used 78720K [0x00000000c0000000, 0x00000000c5c00000, 0x00000000eab00000)
  object space 94208K, 83% used [0x00000000c0000000,0x00000000c4ce0260,0x00000000c5c00000)
 Metaspace       used 43457K, capacity 44056K, committed 44288K, reserved 1087488K
  class space    used 5938K, capacity 6102K, committed 6144K, reserved 1048576K
GC Heap History (10 events):
Event: 2.329 GC heap after
Heap after GC invocations=7 (full 1):
 PSYoungGen      total 101376K, used 7161K [0x00000000eab00000, 0x00000000f3100000, 0x0000000100000000)
  eden space 94208K, 0% used [0x00000000eab00000,0x00000000eab00000,0x00000000f0700000)
  from space 7168K, 99% used [0x00000000f2a00000,0x00000000f30fe7c0,0x00000000f3100000)
  to   space 8192K, 0% used [0x00000000f2100000,0x00000000f2100000,0x00000000f2900000)
 ParOldGen       total 33792K, used 7105K [0x00000000c0000000, 0x00000000c2100000, 0x00000000eab00000)
  object space 33792K, 21% used [0x00000000c0000000,0x00000000c06f0580,0x00000000c2100000)
 Metaspace       used 27228K, capacity 27436K, committed 27904K, reserved 1073152K
  class space    used 3649K, capacity 3723K, committed 3840K, reserved 1048576K
}
Event: 2.994 GC heap before
{Heap before GC invocations=8 (full 1):
 PSYoungGen      total 101376K, used 101369K [0x00000000eab00000, 0x00000000f3100000, 0x0000000100000000)
  eden space 94208K, 100% used [0x00000000eab00000,0x00000000f0700000,0x00000000f0700000)
  from space 7168K, 99% used [0x00000000f2a00000,0x00000000f30fe7c0,0x00000000f3100000)
  to   space 8192K, 0% used [0x00000000f2100000,0x00000000f2100000,0x00000000f2900000)
 ParOldGen       total 33792K, used 7105K [0x00000000c0000000, 0x00000000c2100000, 0x00000000eab00000)
  object space 33792K, 21% used [0x00000000c0000000,0x00000000c06f0580,0x00000000c2100000)
 Metaspace       used 33662K, capacity 33920K, committed 34048K, reserved 1079296K
  class space    used 4521K, capacity 4593K, committed 4608K, reserved 1048576K
Event: 3.022 GC heap after
Heap after GC invocations=8 (full 1):
 PSYoungGen      total 129024K, used 8189K [0x00000000eab00000, 0x00000000f6180000, 0x0000000100000000)
  eden space 120832K, 0% used [0x00000000eab00000,0x00000000eab00000,0x00000000f2100000)
  from space 8192K, 99% used [0x00000000f2100000,0x00000000f28ff4e8,0x00000000f2900000)
  to   space 18432K, 0% used [0x00000000f4f80000,0x00000000f4f80000,0x00000000f6180000)
 ParOldGen       total 33792K, used 24625K [0x00000000c0000000, 0x00000000c2100000, 0x00000000eab00000)
  object space 33792K, 72% used [0x00000000c0000000,0x00000000c180c700,0x00000000c2100000)
 Metaspace       used 33662K, capacity 33920K, committed 34048K, reserved 1079296K
  class space    used 4521K, capacity 4593K, committed 4608K, reserved 1048576K
}
Event: 3.022 GC heap before
{Heap before GC invocations=9 (full 2):
 PSYoungGen      total 129024K, used 8189K [0x00000000eab00000, 0x00000000f6180000, 0x0000000100000000)
  eden space 120832K, 0% used [0x00000000eab00000,0x00000000eab00000,0x00000000f2100000)
  from space 8192K, 99% used [0x00000000f2100000,0x00000000f28ff4e8,0x00000000f2900000)
  to   space 18432K, 0% used [0x00000000f4f80000,0x00000000f4f80000,0x00000000f6180000)
 ParOldGen       total 33792K, used 24625K [0x00000000c0000000, 0x00000000c2100000, 0x00000000eab00000)
  object space 33792K, 72% used [0x00000000c0000000,0x00000000c180c700,0x00000000c2100000)
 Metaspace       used 33662K, capacity 33920K, committed 34048K, reserved 1079296K
  class space    used 4521K, capacity 4593K, committed 4608K, reserved 1048576K
Event: 3.091 GC heap after
Heap after GC invocations=9 (full 2):
 PSYoungGen      total 129024K, used 0K [0x00000000eab00000, 0x00000000f6180000, 0x0000000100000000)
  eden space 120832K, 0% used [0x00000000eab00000,0x00000000eab00000,0x00000000f2100000)
  from space 8192K, 0% used [0x00000000f2100000,0x00000000f2100000,0x00000000f2900000)
  to   space 18432K, 0% used [0x00000000f4f80000,0x00000000f4f80000,0x00000000f6180000)
 ParOldGen       total 77312K, used 29048K [0x00000000c0000000, 0x00000000c4b80000, 0x00000000eab00000)
  object space 77312K, 37% used [0x00000000c0000000,0x00000000c1c5e370,0x00000000c4b80000)
 Metaspace       used 33662K, capacity 33920K, committed 34048K, reserved 1079296K
  class space    used 4521K, capacity 4593K, committed 4608K, reserved 1048576K
}
Event: 5.072 GC heap before
{Heap before GC invocations=10 (full 2):
 PSYoungGen      total 129024K, used 115976K [0x00000000eab00000, 0x00000000f6180000, 0x0000000100000000)
  eden space 120832K, 95% used [0x00000000eab00000,0x00000000f1c422b0,0x00000000f2100000)
  from space 8192K, 0% used [0x00000000f2100000,0x00000000f2100000,0x00000000f2900000)
  to   space 18432K, 0% used [0x00000000f4f80000,0x00000000f4f80000,0x00000000f6180000)
 ParOldGen       total 77312K, used 29048K [0x00000000c0000000, 0x00000000c4b80000, 0x00000000eab00000)
  object space 77312K, 37% used [0x00000000c0000000,0x00000000c1c5e370,0x00000000c4b80000)
 Metaspace       used 41102K, capacity 41454K, committed 41600K, reserved 1085440K
  class space    used 5591K, capacity 5711K, committed 5760K, reserved 1048576K
Event: 5.090 GC heap after
Heap after GC invocations=10 (full 2):
 PSYoungGen      total 162304K, used 18411K [0x00000000eab00000, 0x00000000f7d80000, 0x0000000100000000)
  eden space 143872K, 0% used [0x00000000eab00000,0x00000000eab00000,0x00000000f3780000)
  from space 18432K, 99% used [0x00000000f4f80000,0x00000000f617ae30,0x00000000f6180000)
  to   space 24576K, 0% used [0x00000000f3780000,0x00000000f3780000,0x00000000f4f80000)
 ParOldGen       total 77312K, used 35296K [0x00000000c0000000, 0x00000000c4b80000, 0x00000000eab00000)
  object space 77312K, 45% used [0x00000000c0000000,0x00000000c2278200,0x00000000c4b80000)
 Metaspace       used 41102K, capacity 41454K, committed 41600K, reserved 1085440K
  class space    used 5591K, capacity 5711K, committed 5760K, reserved 1048576K
}
Event: 32.091 GC heap before
{Heap before GC invocations=11 (full 2):
 PSYoungGen      total 162304K, used 162283K [0x00000000eab00000, 0x00000000f7d80000, 0x0000000100000000)
  eden space 143872K, 100% used [0x00000000eab00000,0x00000000f3780000,0x00000000f3780000)
  from space 18432K, 99% used [0x00000000f4f80000,0x00000000f617ae30,0x00000000f6180000)
  to   space 24576K, 0% used [0x00000000f3780000,0x00000000f3780000,0x00000000f4f80000)
 ParOldGen       total 77312K, used 35296K [0x00000000c0000000, 0x00000000c4b80000, 0x00000000eab00000)
  object space 77312K, 45% used [0x00000000c0000000,0x00000000c2278200,0x00000000c4b80000)
 Metaspace       used 43468K, capacity 44074K, committed 44288K, reserved 1087488K
  class space    used 5940K, capacity 6105K, committed 6144K, reserved 1048576K
Event: 32.146 GC heap after
Heap after GC invocations=11 (full 2):
 PSYoungGen      total 168448K, used 20992K [0x00000000eab00000, 0x00000000f8780000, 0x0000000100000000)
  eden space 143872K, 0% used [0x00000000eab00000,0x00000000eab00000,0x00000000f3780000)
  from space 24576K, 85% used [0x00000000f3780000,0x00000000f4c00258,0x00000000f4f80000)
  to   space 27136K, 0% used [0x00000000f6d00000,0x00000000f6d00000,0x00000000f8780000)
 ParOldGen       total 94208K, used 84456K [0x00000000c0000000, 0x00000000c5c00000, 0x00000000eab00000)
  object space 94208K, 89% used [0x00000000c0000000,0x00000000c527a230,0x00000000c5c00000)
 Metaspace       used 43468K, capacity 44074K, committed 44288K, reserved 1087488K
  class space    used 5940K, capacity 6105K, committed 6144K, reserved 1048576K
}
Event: 32.146 GC heap before
{Heap before GC invocations=12 (full 3):
 PSYoungGen      total 168448K, used 20992K [0x00000000eab00000, 0x00000000f8780000, 0x0000000100000000)
  eden space 143872K, 0% used [0x00000000eab00000,0x00000000eab00000,0x00000000f3780000)
  from space 24576K, 85% used [0x00000000f3780000,0x00000000f4c00258,0x00000000f4f80000)
  to   space 27136K, 0% used [0x00000000f6d00000,0x00000000f6d00000,0x00000000f8780000)
 ParOldGen       total 94208K, used 84456K [0x00000000c0000000, 0x00000000c5c00000, 0x00000000eab00000)
  object space 94208K, 89% used [0x00000000c0000000,0x00000000c527a230,0x00000000c5c00000)
 Metaspace       used 43468K, capacity 44074K, committed 44288K, reserved 1087488K
  class space    used 5940K, capacity 6105K, committed 6144K, reserved 1048576K

